{"level":"warn","message":"ruta /api/admin/productos/, método GET no implementada"}
{"level":"warn","message":"ruta /api/main.js, método GET no implementada"}
{"level":"warn","message":"ruta /api/style.css, método GET no implementada"}
{"level":"warn","message":"ruta /api/main.js, método GET no implementada"}
{"level":"warn","message":"ruta /api/style.css, método GET no implementada"}
{"level":"error","message":"admin is not defined"}
{"level":"error","message":"admin is not defined"}
{"level":"error","message":"admin is not defined"}
{"level":"error","message":"admin is not defined"}
{"level":"error","message":"admin is not defined"}
{"level":"error","message":"admin is not defined"}
{"level":"error","message":"Failed to lookup view \"productosAdmin\" in views directory \"./public/views\""}
{"level":"warn","message":"ruta /api/main.js, método GET no implementada"}
{"level":"warn","message":"ruta /api/style.css, método GET no implementada"}
{"level":"warn","message":"ruta /api/main.js, método GET no implementada"}
{"level":"warn","message":"ruta /api/style.css, método GET no implementada"}
{"level":"warn","message":"ruta /api/main.js, método GET no implementada"}
{"level":"warn","message":"ruta /api/style.css, método GET no implementada"}
{"level":"warn","message":"ruta /api/main.js, método GET no implementada"}
{"level":"warn","message":"ruta /api/style.css, método GET no implementada"}
{"level":"error","message":"Failed to lookup view \"admin/productosAdmin\" in views directory \"./public/views\""}
{"level":"warn","message":"ruta /api/style.css, método GET no implementada"}
{"level":"warn","message":"ruta /api/main.js, método GET no implementada"}
{"level":"warn","message":"ruta /api/main.js, método GET no implementada"}
{"level":"warn","message":"ruta /api/style.css, método GET no implementada"}
{"level":"warn","message":"ruta /api/main.js, método GET no implementada"}
{"level":"warn","message":"ruta /api/style.css, método GET no implementada"}
{"level":"warn","message":"ruta /api/main.js, método GET no implementada"}
{"level":"warn","message":"ruta /api/style.css, método GET no implementada"}
{"level":"warn","message":"ruta /api/main.js, método GET no implementada"}
{"level":"warn","message":"ruta /api/style.css, método GET no implementada"}
{"level":"warn","message":"ruta /api/main.js, método GET no implementada"}
{"level":"warn","message":"ruta /api/style.css, método GET no implementada"}
{"level":"warn","message":"ruta /api/main.js, método GET no implementada"}
{"level":"warn","message":"ruta /api/style.css, método GET no implementada"}
{"level":"warn","message":"ruta /api/main.js, método GET no implementada"}
{"level":"warn","message":"ruta /api/style.css, método GET no implementada"}
{"level":"error","message":"Failed to lookup view \"modificarProducto\" in views directory \"./public/views\""}
{"level":"warn","message":"ruta /api/style.css, método GET no implementada"}
{"level":"warn","message":"ruta /api/main.js, método GET no implementada"}
{"level":"warn","message":"ruta /api/main.js, método GET no implementada"}
{"level":"warn","message":"ruta /api/style.css, método GET no implementada"}
{"level":"warn","message":"ruta /api/main.js, método GET no implementada"}
{"level":"warn","message":"ruta /api/style.css, método GET no implementada"}
{"level":"warn","message":"ruta /api/main.js, método GET no implementada"}
{"level":"warn","message":"ruta /api/style.css, método GET no implementada"}
{"level":"warn","message":"ruta /api/main.js, método GET no implementada"}
{"level":"warn","message":"ruta /api/style.css, método GET no implementada"}
{"level":"warn","message":"ruta /api/main.js, método GET no implementada"}
{"level":"warn","message":"ruta /api/style.css, método GET no implementada"}
{"level":"warn","message":"ruta /api/admin/main.js, método GET no implementada"}
{"level":"warn","message":"ruta /api/admin/style.css, método GET no implementada"}
{"level":"warn","message":"ruta /api/admin/style.css, método GET no implementada"}
{"level":"warn","message":"ruta /api/style.css, método GET no implementada"}
{"level":"warn","message":"ruta /api/main.js, método GET no implementada"}
{"level":"warn","message":"ruta /api/main.js, método GET no implementada"}
{"level":"warn","message":"ruta /api/style.css, método GET no implementada"}
{"level":"warn","message":"ruta /favicon.ico, método GET no implementada"}
{"level":"warn","message":"ruta /api/main.js, método GET no implementada"}
{"level":"warn","message":"ruta /api/style.css, método GET no implementada"}
{"level":"warn","message":"ruta /api/main.js, método GET no implementada"}
{"level":"warn","message":"ruta /api/style.css, método GET no implementada"}
{"level":"warn","message":"ruta /api/main.js, método GET no implementada"}
{"level":"warn","message":"ruta /api/style.css, método GET no implementada"}
{"level":"warn","message":"ruta /api/main.js, método GET no implementada"}
{"level":"warn","message":"ruta /api/style.css, método GET no implementada"}
{"level":"warn","message":"ruta /api/style.css, método GET no implementada"}
{"level":"warn","message":"ruta /api/main.js, método GET no implementada"}
{"level":"warn","message":"ruta /api/main.js, método GET no implementada"}
{"level":"warn","message":"ruta /api/style.css, método GET no implementada"}
{"level":"warn","message":"ruta /adminLogica, método GET no implementada"}
{"level":"warn","message":"ruta /adminLogica, método GET no implementada"}
{"level":"warn","message":"ruta /adminLogica, método GET no implementada"}
{"level":"warn","message":"ruta /adminLogica, método GET no implementada"}
{"level":"warn","message":"ruta /adminLogica, método GET no implementada"}
{"level":"warn","message":"ruta /adminLogica, método GET no implementada"}
{"level":"warn","message":"ruta /adminLogica, método GET no implementada"}
{"level":"warn","message":"ruta /adminLogica, método GET no implementada"}
{"level":"warn","message":"ruta /adminLogica, método GET no implementada"}
{"level":"warn","message":"ruta /adminLogica, método GET no implementada"}
{"level":"warn","message":"ruta /adminLogica, método GET no implementada"}
{"level":"warn","message":"ruta /api/adminLogica.js, método GET no implementada"}
{"level":"warn","message":"ruta /api/adminLogica.js, método GET no implementada"}
{"level":"warn","message":"ruta /api/admin/productos/https//localhost:8080/api/admin/productos/6355d98908423ce615f106ae, método PUT no implementada"}
{"level":"warn","message":"ruta /6355d98908423ce615f106ae, método PUT no implementada"}
{"level":"warn","message":"ruta /api/admin/productos/6355d98908423ce615f106ae, método PUT no implementada"}
{"level":"warn","message":"ruta /api/admin/productos/6355d98908423ce615f106ae, método PUT no implementada"}
{"level":"error","message":"Failed to lookup view \"/api/admin/productos\" in views directory \"./public/views\""}
{"level":"warn","message":"ruta /api/admin/productos, método PUT no implementada"}
{"level":"warn","message":"ruta /api/admin/productos, método PUT no implementada"}
{"level":"error","message":{}}
{"level":"warn","message":"ruta /api/admin/productos/6355d98908423ce615f106ae, método DELETE no implementada"}
{"level":"warn","message":"ruta /api/admin/productos/6355d98908423ce615f106ae, método DELETE no implementada"}
{"level":"warn","message":"ruta /api/admin/productos, método DELETE no implementada"}
{"level":"warn","message":"ruta /api/admin/productos, método DELETE no implementada"}
{"level":"warn","message":"ruta /api/admin/productos, método DELETE no implementada"}
